[debug] [2022-07-02T07:58:14.605Z] ----------------------------------------------------------------------
[debug] [2022-07-02T07:58:14.608Z] Command:       C:\Program Files\nodejs\node.exe C:\Users\Nautyy9\AppData\Roaming\npm\node_modules\firebase-tools\lib\bin\firebase.js init
[debug] [2022-07-02T07:58:14.609Z] CLI Version:   10.2.2
[debug] [2022-07-02T07:58:14.609Z] Platform:      win32
[debug] [2022-07-02T07:58:14.609Z] Node Version:  v16.11.1
[debug] [2022-07-02T07:58:14.615Z] Time:          Sat Jul 02 2022 13:28:14 GMT+0530 (India Standard Time)
[debug] [2022-07-02T07:58:14.616Z] ----------------------------------------------------------------------
[debug] 
[debug] [2022-07-02T07:58:14.620Z] >>> [apiv2][query] GET https://firebase-public.firebaseio.com/cli.json [none]
[debug] [2022-07-02T07:58:14.654Z] > command requires scopes: ["email","openid","https://www.googleapis.com/auth/cloudplatformprojects.readonly","https://www.googleapis.com/auth/firebase","https://www.googleapis.com/auth/cloud-platform"]
[debug] [2022-07-02T07:58:14.655Z] > authorizing via signed-in user (nitinnautiyal2016@gmail.com)
[info] 
     ######## #### ########  ######## ########     ###     ######  ########
     ##        ##  ##     ## ##       ##     ##  ##   ##  ##       ##
     ######    ##  ########  ######   ########  #########  ######  ######
     ##        ##  ##    ##  ##       ##     ## ##     ##       ## ##
     ##       #### ##     ## ######## ########  ##     ##  ######  ########

You're about to initialize a Firebase project in this directory:

  D:\formfeed\form

[debug] [2022-07-02T07:58:15.482Z] <<< [apiv2][status] GET https://firebase-public.firebaseio.com/cli.json 200
[debug] [2022-07-02T07:58:15.483Z] <<< [apiv2][body] GET https://firebase-public.firebaseio.com/cli.json {"cloudBuildErrorAfter":1594252800000,"cloudBuildWarnAfter":1590019200000,"defaultNode10After":1594252800000,"minVersion":"3.0.5","node8DeploysDisabledAfter":1613390400000,"node8RuntimeDisabledAfter":1615809600000,"node8WarnAfter":1600128000000}
